{"/Users/milletmartin/Desktop/DEV/cookingTime/cookingTime/App.tsx": {"path":"/Users/milletmartin/Desktop/DEV/cookingTime/cookingTime/App.tsx","statementMap":{"0":{"start":{"line":6,"column":22},"end":{"line":13,"column":1}},"1":{"start":{"line":7,"column":2},"end":{"line":12,"column":4}}},"fnMap":{"0":{"name":"(anonymous_0)","decl":{"start":{"line":6,"column":22},"end":{"line":6,"column":23}},"loc":{"start":{"line":6,"column":28},"end":{"line":13,"column":1}},"line":6}},"branchMap":{},"s":{"0":0,"1":0},"f":{"0":0},"b":{}}
,"/Users/milletmartin/Desktop/DEV/cookingTime/cookingTime/src/components/RecipesListItem.tsx": {"path":"/Users/milletmartin/Desktop/DEV/cookingTime/cookingTime/src/components/RecipesListItem.tsx","statementMap":{"0":{"start":{"line":15,"column":41},"end":{"line":40,"column":1}},"1":{"start":{"line":16,"column":2},"end":{"line":39,"column":4}},"2":{"start":{"line":44,"column":15},"end":{"line":80,"column":2}}},"fnMap":{"0":{"name":"(anonymous_0)","decl":{"start":{"line":15,"column":41},"end":{"line":15,"column":42}},"loc":{"start":{"line":15,"column":65},"end":{"line":40,"column":1}},"line":15}},"branchMap":{},"s":{"0":1,"1":1,"2":1},"f":{"0":1},"b":{},"_coverageSchema":"1a1c01bbd47fc00a2c39e90264f33305004495a9","hash":"688807851d1c801f4e0ef9756f56de9ae10a8c81"}
,"/Users/milletmartin/Desktop/DEV/cookingTime/cookingTime/src/components/ShoppingModal.tsx": {"path":"/Users/milletmartin/Desktop/DEV/cookingTime/cookingTime/src/components/ShoppingModal.tsx","statementMap":{"0":{"start":{"line":24,"column":22},"end":{"line":91,"column":1}},"1":{"start":{"line":25,"column":44},"end":{"line":25,"column":75}},"2":{"start":{"line":26,"column":30},"end":{"line":26,"column":56}},"3":{"start":{"line":28,"column":2},"end":{"line":30,"column":9}},"4":{"start":{"line":29,"column":4},"end":{"line":29,"column":41}},"5":{"start":{"line":32,"column":36},"end":{"line":41,"column":3}},"6":{"start":{"line":33,"column":35},"end":{"line":38,"column":6}},"7":{"start":{"line":34,"column":6},"end":{"line":36,"column":7}},"8":{"start":{"line":35,"column":8},"end":{"line":35,"column":49}},"9":{"start":{"line":37,"column":6},"end":{"line":37,"column":18}},"10":{"start":{"line":40,"column":4},"end":{"line":40,"column":45}},"11":{"start":{"line":43,"column":27},"end":{"line":52,"column":3}},"12":{"start":{"line":44,"column":24},"end":{"line":44,"column":30}},"13":{"start":{"line":45,"column":4},"end":{"line":45,"column":46}},"14":{"start":{"line":46,"column":4},"end":{"line":46,"column":35}},"15":{"start":{"line":47,"column":4},"end":{"line":50,"column":7}},"16":{"start":{"line":51,"column":4},"end":{"line":51,"column":48}},"17":{"start":{"line":54,"column":2},"end":{"line":90,"column":4}},"18":{"start":{"line":66,"column":10},"end":{"line":86,"column":29}},"19":{"start":{"line":67,"column":27},"end":{"line":67,"column":64}},"20":{"start":{"line":95,"column":15},"end":{"line":121,"column":2}}},"fnMap":{"0":{"name":"(anonymous_0)","decl":{"start":{"line":24,"column":22},"end":{"line":24,"column":23}},"loc":{"start":{"line":24,"column":58},"end":{"line":91,"column":1}},"line":24},"1":{"name":"(anonymous_1)","decl":{"start":{"line":28,"column":12},"end":{"line":28,"column":13}},"loc":{"start":{"line":28,"column":18},"end":{"line":30,"column":3}},"line":28},"2":{"name":"(anonymous_2)","decl":{"start":{"line":32,"column":36},"end":{"line":32,"column":37}},"loc":{"start":{"line":32,"column":64},"end":{"line":41,"column":3}},"line":32},"3":{"name":"(anonymous_3)","decl":{"start":{"line":33,"column":53},"end":{"line":33,"column":54}},"loc":{"start":{"line":33,"column":63},"end":{"line":38,"column":5}},"line":33},"4":{"name":"(anonymous_4)","decl":{"start":{"line":43,"column":27},"end":{"line":43,"column":28}},"loc":{"start":{"line":43,"column":39},"end":{"line":52,"column":3}},"line":43},"5":{"name":"(anonymous_5)","decl":{"start":{"line":65,"column":27},"end":{"line":65,"column":28}},"loc":{"start":{"line":66,"column":10},"end":{"line":86,"column":29}},"line":66},"6":{"name":"(anonymous_6)","decl":{"start":{"line":67,"column":21},"end":{"line":67,"column":22}},"loc":{"start":{"line":67,"column":27},"end":{"line":67,"column":64}},"line":67}},"branchMap":{"0":{"loc":{"start":{"line":34,"column":6},"end":{"line":36,"column":7}},"type":"if","locations":[{"start":{"line":34,"column":6},"end":{"line":36,"column":7}},{"start":{"line":34,"column":6},"end":{"line":36,"column":7}}],"line":34},"1":{"loc":{"start":{"line":72,"column":22},"end":{"line":72,"column":76}},"type":"cond-expr","locations":[{"start":{"line":72,"column":42},"end":{"line":72,"column":59}},{"start":{"line":72,"column":62},"end":{"line":72,"column":76}}],"line":72},"2":{"loc":{"start":{"line":74,"column":23},"end":{"line":74,"column":59}},"type":"cond-expr","locations":[{"start":{"line":74,"column":43},"end":{"line":74,"column":50}},{"start":{"line":74,"column":53},"end":{"line":74,"column":59}}],"line":74}},"s":{"0":0,"1":0,"2":0,"3":0,"4":0,"5":0,"6":0,"7":0,"8":0,"9":0,"10":0,"11":0,"12":0,"13":0,"14":0,"15":0,"16":0,"17":0,"18":0,"19":0,"20":0},"f":{"0":0,"1":0,"2":0,"3":0,"4":0,"5":0,"6":0},"b":{"0":[0,0],"1":[0,0],"2":[0,0]}}
,"/Users/milletmartin/Desktop/DEV/cookingTime/cookingTime/src/constants/AppScreenParamList.ts": {"path":"/Users/milletmartin/Desktop/DEV/cookingTime/cookingTime/src/constants/AppScreenParamList.ts","statementMap":{},"fnMap":{},"branchMap":{},"s":{},"f":{},"b":{}}
,"/Users/milletmartin/Desktop/DEV/cookingTime/cookingTime/src/constants/Colors.ts": {"path":"/Users/milletmartin/Desktop/DEV/cookingTime/cookingTime/src/constants/Colors.ts","statementMap":{"0":{"start":{"line":1,"column":23},"end":{"line":1,"column":39}},"1":{"start":{"line":2,"column":26},"end":{"line":2,"column":44}},"2":{"start":{"line":3,"column":25},"end":{"line":3,"column":43}}},"fnMap":{},"branchMap":{},"s":{"0":0,"1":0,"2":0},"f":{},"b":{}}
,"/Users/milletmartin/Desktop/DEV/cookingTime/cookingTime/src/constants/Types.ts": {"path":"/Users/milletmartin/Desktop/DEV/cookingTime/cookingTime/src/constants/Types.ts","statementMap":{},"fnMap":{},"branchMap":{},"s":{},"f":{},"b":{}}
,"/Users/milletmartin/Desktop/DEV/cookingTime/cookingTime/src/context/RecipesContext.tsx": {"path":"/Users/milletmartin/Desktop/DEV/cookingTime/cookingTime/src/context/RecipesContext.tsx","statementMap":{"0":{"start":{"line":5,"column":28},"end":{"line":5,"column":30}},"1":{"start":{"line":17,"column":23},"end":{"line":36,"column":1}},"2":{"start":{"line":21,"column":2},"end":{"line":35,"column":3}},"3":{"start":{"line":23,"column":6},"end":{"line":23,"column":28}},"4":{"start":{"line":25,"column":24},"end":{"line":30,"column":8}},"5":{"start":{"line":26,"column":8},"end":{"line":28,"column":9}},"6":{"start":{"line":27,"column":10},"end":{"line":27,"column":32}},"7":{"start":{"line":29,"column":8},"end":{"line":29,"column":20}},"8":{"start":{"line":32,"column":6},"end":{"line":32,"column":23}},"9":{"start":{"line":34,"column":6},"end":{"line":34,"column":25}},"10":{"start":{"line":38,"column":24},"end":{"line":38,"column":56}},"11":{"start":{"line":39,"column":30},"end":{"line":39,"column":33}},"12":{"start":{"line":40,"column":31},"end":{"line":40,"column":39}}},"fnMap":{"0":{"name":"(anonymous_0)","decl":{"start":{"line":17,"column":23},"end":{"line":17,"column":24}},"loc":{"start":{"line":20,"column":12},"end":{"line":36,"column":1}},"line":20},"1":{"name":"(anonymous_1)","decl":{"start":{"line":25,"column":40},"end":{"line":25,"column":41}},"loc":{"start":{"line":25,"column":50},"end":{"line":30,"column":7}},"line":25}},"branchMap":{"0":{"loc":{"start":{"line":21,"column":2},"end":{"line":35,"column":3}},"type":"switch","locations":[{"start":{"line":22,"column":4},"end":{"line":23,"column":28}},{"start":{"line":24,"column":4},"end":{"line":32,"column":23}},{"start":{"line":33,"column":4},"end":{"line":34,"column":25}}],"line":21},"1":{"loc":{"start":{"line":26,"column":8},"end":{"line":28,"column":9}},"type":"if","locations":[{"start":{"line":26,"column":8},"end":{"line":28,"column":9}},{"start":{"line":26,"column":8},"end":{"line":28,"column":9}}],"line":26}},"s":{"0":0,"1":0,"2":0,"3":0,"4":0,"5":0,"6":0,"7":0,"8":0,"9":0,"10":0,"11":0,"12":0},"f":{"0":0,"1":0},"b":{"0":[0,0,0],"1":[0,0]}}
,"/Users/milletmartin/Desktop/DEV/cookingTime/cookingTime/src/helpers/createCtx.tsx": {"path":"/Users/milletmartin/Desktop/DEV/cookingTime/cookingTime/src/helpers/createCtx.tsx","statementMap":{"0":{"start":{"line":7,"column":54},"end":{"line":7,"column":72}},"1":{"start":{"line":7,"column":60},"end":{"line":7,"column":72}},"2":{"start":{"line":8,"column":14},"end":{"line":11,"column":4}},"3":{"start":{"line":13,"column":30},"end":{"line":15,"column":28}},"4":{"start":{"line":16,"column":4},"end":{"line":16,"column":67}},"5":{"start":{"line":18,"column":2},"end":{"line":18,"column":34}}},"fnMap":{"0":{"name":"createCtx","decl":{"start":{"line":3,"column":16},"end":{"line":3,"column":25}},"loc":{"start":{"line":6,"column":2},"end":{"line":19,"column":1}},"line":6},"1":{"name":"(anonymous_1)","decl":{"start":{"line":7,"column":54},"end":{"line":7,"column":55}},"loc":{"start":{"line":7,"column":60},"end":{"line":7,"column":72}},"line":7},"2":{"name":"Provider","decl":{"start":{"line":12,"column":11},"end":{"line":12,"column":19}},"loc":{"start":{"line":12,"column":56},"end":{"line":17,"column":3}},"line":12}},"branchMap":{},"s":{"0":0,"1":0,"2":0,"3":0,"4":0,"5":0},"f":{"0":0,"1":0,"2":0},"b":{}}
,"/Users/milletmartin/Desktop/DEV/cookingTime/cookingTime/src/helpers/recipeLocalStorage.tsx": {"path":"/Users/milletmartin/Desktop/DEV/cookingTime/cookingTime/src/helpers/recipeLocalStorage.tsx","statementMap":{"0":{"start":{"line":4,"column":38},"end":{"line":24,"column":1}},"1":{"start":{"line":5,"column":23},"end":{"line":5,"column":65}},"2":{"start":{"line":6,"column":31},"end":{"line":6,"column":33}},"3":{"start":{"line":8,"column":2},"end":{"line":22,"column":3}},"4":{"start":{"line":9,"column":4},"end":{"line":9,"column":44}},"5":{"start":{"line":10,"column":4},"end":{"line":19,"column":5}},"6":{"start":{"line":10,"column":44},"end":{"line":10,"column":65}},"7":{"start":{"line":11,"column":6},"end":{"line":16,"column":9}},"8":{"start":{"line":12,"column":8},"end":{"line":14,"column":9}},"9":{"start":{"line":13,"column":10},"end":{"line":13,"column":24}},"10":{"start":{"line":15,"column":8},"end":{"line":15,"column":20}},"11":{"start":{"line":18,"column":6},"end":{"line":18,"column":32}},"12":{"start":{"line":21,"column":4},"end":{"line":21,"column":30}},"13":{"start":{"line":23,"column":2},"end":{"line":23,"column":75}},"14":{"start":{"line":26,"column":37},"end":{"line":29,"column":1}},"15":{"start":{"line":27,"column":23},"end":{"line":27,"column":65}},"16":{"start":{"line":28,"column":2},"end":{"line":28,"column":63}}},"fnMap":{"0":{"name":"(anonymous_0)","decl":{"start":{"line":4,"column":38},"end":{"line":4,"column":39}},"loc":{"start":{"line":4,"column":79},"end":{"line":24,"column":1}},"line":4},"1":{"name":"(anonymous_1)","decl":{"start":{"line":10,"column":26},"end":{"line":10,"column":27}},"loc":{"start":{"line":10,"column":44},"end":{"line":10,"column":65}},"line":10},"2":{"name":"(anonymous_2)","decl":{"start":{"line":11,"column":38},"end":{"line":11,"column":39}},"loc":{"start":{"line":11,"column":56},"end":{"line":16,"column":7}},"line":11},"3":{"name":"(anonymous_3)","decl":{"start":{"line":26,"column":37},"end":{"line":26,"column":38}},"loc":{"start":{"line":26,"column":68},"end":{"line":29,"column":1}},"line":26}},"branchMap":{"0":{"loc":{"start":{"line":8,"column":2},"end":{"line":22,"column":3}},"type":"if","locations":[{"start":{"line":8,"column":2},"end":{"line":22,"column":3}},{"start":{"line":8,"column":2},"end":{"line":22,"column":3}}],"line":8},"1":{"loc":{"start":{"line":10,"column":4},"end":{"line":19,"column":5}},"type":"if","locations":[{"start":{"line":10,"column":4},"end":{"line":19,"column":5}},{"start":{"line":10,"column":4},"end":{"line":19,"column":5}}],"line":10},"2":{"loc":{"start":{"line":12,"column":8},"end":{"line":14,"column":9}},"type":"if","locations":[{"start":{"line":12,"column":8},"end":{"line":14,"column":9}},{"start":{"line":12,"column":8},"end":{"line":14,"column":9}}],"line":12},"3":{"loc":{"start":{"line":28,"column":9},"end":{"line":28,"column":62}},"type":"cond-expr","locations":[{"start":{"line":28,"column":33},"end":{"line":28,"column":57}},{"start":{"line":28,"column":60},"end":{"line":28,"column":62}}],"line":28}},"s":{"0":0,"1":0,"2":0,"3":0,"4":0,"5":0,"6":0,"7":0,"8":0,"9":0,"10":0,"11":0,"12":0,"13":0,"14":0,"15":0,"16":0},"f":{"0":0,"1":0,"2":0,"3":0},"b":{"0":[0,0],"1":[0,0],"2":[0,0],"3":[0,0]}}
,"/Users/milletmartin/Desktop/DEV/cookingTime/cookingTime/src/helpers/useIsMount.tsx": {"path":"/Users/milletmartin/Desktop/DEV/cookingTime/cookingTime/src/helpers/useIsMount.tsx","statementMap":{"0":{"start":{"line":3,"column":26},"end":{"line":9,"column":1}},"1":{"start":{"line":4,"column":21},"end":{"line":4,"column":33}},"2":{"start":{"line":5,"column":2},"end":{"line":7,"column":9}},"3":{"start":{"line":6,"column":4},"end":{"line":6,"column":31}},"4":{"start":{"line":8,"column":2},"end":{"line":8,"column":28}}},"fnMap":{"0":{"name":"(anonymous_0)","decl":{"start":{"line":3,"column":26},"end":{"line":3,"column":27}},"loc":{"start":{"line":3,"column":32},"end":{"line":9,"column":1}},"line":3},"1":{"name":"(anonymous_1)","decl":{"start":{"line":5,"column":12},"end":{"line":5,"column":13}},"loc":{"start":{"line":5,"column":18},"end":{"line":7,"column":3}},"line":5}},"branchMap":{},"s":{"0":0,"1":0,"2":0,"3":0,"4":0},"f":{"0":0,"1":0},"b":{}}
,"/Users/milletmartin/Desktop/DEV/cookingTime/cookingTime/src/navigation/AppScreenParamList.ts": {"path":"/Users/milletmartin/Desktop/DEV/cookingTime/cookingTime/src/navigation/AppScreenParamList.ts","statementMap":{},"fnMap":{},"branchMap":{},"s":{},"f":{},"b":{}}
,"/Users/milletmartin/Desktop/DEV/cookingTime/cookingTime/src/screens/FavoriteScreen.tsx": {"path":"/Users/milletmartin/Desktop/DEV/cookingTime/cookingTime/src/screens/FavoriteScreen.tsx","statementMap":{"0":{"start":{"line":4,"column":23},"end":{"line":10,"column":1}},"1":{"start":{"line":5,"column":2},"end":{"line":9,"column":4}},"2":{"start":{"line":14,"column":15},"end":{"line":14,"column":36}}},"fnMap":{"0":{"name":"(anonymous_0)","decl":{"start":{"line":4,"column":23},"end":{"line":4,"column":24}},"loc":{"start":{"line":4,"column":29},"end":{"line":10,"column":1}},"line":4}},"branchMap":{},"s":{"0":0,"1":0,"2":0},"f":{"0":0},"b":{}}
,"/Users/milletmartin/Desktop/DEV/cookingTime/cookingTime/src/screens/HomeScreen.tsx": {"path":"/Users/milletmartin/Desktop/DEV/cookingTime/cookingTime/src/screens/HomeScreen.tsx","statementMap":{"0":{"start":{"line":7,"column":19},"end":{"line":25,"column":1}},"1":{"start":{"line":8,"column":20},"end":{"line":8,"column":46}},"2":{"start":{"line":10,"column":2},"end":{"line":24,"column":4}},"3":{"start":{"line":15,"column":34},"end":{"line":15,"column":43}},"4":{"start":{"line":17,"column":10},"end":{"line":20,"column":12}},"5":{"start":{"line":18,"column":28},"end":{"line":18,"column":75}},"6":{"start":{"line":29,"column":15},"end":{"line":46,"column":2}}},"fnMap":{"0":{"name":"(anonymous_0)","decl":{"start":{"line":7,"column":19},"end":{"line":7,"column":20}},"loc":{"start":{"line":7,"column":67},"end":{"line":25,"column":1}},"line":7},"1":{"name":"(anonymous_1)","decl":{"start":{"line":15,"column":22},"end":{"line":15,"column":23}},"loc":{"start":{"line":15,"column":34},"end":{"line":15,"column":43}},"line":15},"2":{"name":"(anonymous_2)","decl":{"start":{"line":16,"column":20},"end":{"line":16,"column":21}},"loc":{"start":{"line":17,"column":10},"end":{"line":20,"column":12}},"line":17},"3":{"name":"(anonymous_3)","decl":{"start":{"line":18,"column":22},"end":{"line":18,"column":23}},"loc":{"start":{"line":18,"column":28},"end":{"line":18,"column":75}},"line":18}},"branchMap":{},"s":{"0":0,"1":0,"2":0,"3":0,"4":0,"5":0,"6":0},"f":{"0":0,"1":0,"2":0,"3":0},"b":{}}
,"/Users/milletmartin/Desktop/DEV/cookingTime/cookingTime/src/screens/RecipeDetail.tsx": {"path":"/Users/milletmartin/Desktop/DEV/cookingTime/cookingTime/src/screens/RecipeDetail.tsx","statementMap":{"0":{"start":{"line":23,"column":21},"end":{"line":201,"column":1}},"1":{"start":{"line":24,"column":21},"end":{"line":24,"column":33}},"2":{"start":{"line":25,"column":29},"end":{"line":27,"column":3}},"3":{"start":{"line":29,"column":38},"end":{"line":29,"column":49}},"4":{"start":{"line":30,"column":40},"end":{"line":30,"column":68}},"5":{"start":{"line":31,"column":34},"end":{"line":31,"column":61}},"6":{"start":{"line":32,"column":30},"end":{"line":32,"column":54}},"7":{"start":{"line":34,"column":39},"end":{"line":34,"column":65}},"8":{"start":{"line":35,"column":18},"end":{"line":35,"column":30}},"9":{"start":{"line":37,"column":18},"end":{"line":37,"column":49}},"10":{"start":{"line":39,"column":23},"end":{"line":47,"column":3}},"11":{"start":{"line":41,"column":6},"end":{"line":43,"column":23}},"12":{"start":{"line":44,"column":4},"end":{"line":46,"column":7}},"13":{"start":{"line":49,"column":26},"end":{"line":51,"column":3}},"14":{"start":{"line":50,"column":4},"end":{"line":50,"column":29}},"15":{"start":{"line":53,"column":34},"end":{"line":68,"column":3}},"16":{"start":{"line":54,"column":24},"end":{"line":54,"column":30}},"17":{"start":{"line":56,"column":46},"end":{"line":58,"column":6}},"18":{"start":{"line":57,"column":6},"end":{"line":57,"column":39}},"19":{"start":{"line":59,"column":4},"end":{"line":59,"column":52}},"20":{"start":{"line":60,"column":4},"end":{"line":60,"column":32}},"21":{"start":{"line":62,"column":4},"end":{"line":65,"column":7}},"22":{"start":{"line":66,"column":4},"end":{"line":66,"column":48}},"23":{"start":{"line":67,"column":4},"end":{"line":67,"column":21}},"24":{"start":{"line":70,"column":31},"end":{"line":80,"column":3}},"25":{"start":{"line":71,"column":24},"end":{"line":71,"column":30}},"26":{"start":{"line":72,"column":4},"end":{"line":72,"column":34}},"27":{"start":{"line":73,"column":4},"end":{"line":76,"column":7}},"28":{"start":{"line":78,"column":4},"end":{"line":78,"column":48}},"29":{"start":{"line":79,"column":4},"end":{"line":79,"column":27}},"30":{"start":{"line":82,"column":2},"end":{"line":200,"column":4}},"31":{"start":{"line":147,"column":18},"end":{"line":157,"column":29}},"32":{"start":{"line":179,"column":18},"end":{"line":193,"column":29}},"33":{"start":{"line":205,"column":15},"end":{"line":313,"column":2}}},"fnMap":{"0":{"name":"(anonymous_0)","decl":{"start":{"line":23,"column":21},"end":{"line":23,"column":22}},"loc":{"start":{"line":23,"column":71},"end":{"line":201,"column":1}},"line":23},"1":{"name":"(anonymous_1)","decl":{"start":{"line":39,"column":23},"end":{"line":39,"column":24}},"loc":{"start":{"line":39,"column":71},"end":{"line":47,"column":3}},"line":39},"2":{"name":"(anonymous_2)","decl":{"start":{"line":49,"column":26},"end":{"line":49,"column":27}},"loc":{"start":{"line":49,"column":49},"end":{"line":51,"column":3}},"line":49},"3":{"name":"(anonymous_3)","decl":{"start":{"line":53,"column":34},"end":{"line":53,"column":35}},"loc":{"start":{"line":53,"column":46},"end":{"line":68,"column":3}},"line":53},"4":{"name":"(anonymous_4)","decl":{"start":{"line":56,"column":69},"end":{"line":56,"column":70}},"loc":{"start":{"line":56,"column":79},"end":{"line":58,"column":5}},"line":56},"5":{"name":"(anonymous_5)","decl":{"start":{"line":70,"column":31},"end":{"line":70,"column":32}},"loc":{"start":{"line":70,"column":43},"end":{"line":80,"column":3}},"line":70},"6":{"name":"(anonymous_6)","decl":{"start":{"line":146,"column":40},"end":{"line":146,"column":41}},"loc":{"start":{"line":147,"column":18},"end":{"line":157,"column":29}},"line":147},"7":{"name":"(anonymous_7)","decl":{"start":{"line":178,"column":16},"end":{"line":178,"column":17}},"loc":{"start":{"line":179,"column":18},"end":{"line":193,"column":29}},"line":179}},"branchMap":{"0":{"loc":{"start":{"line":41,"column":6},"end":{"line":43,"column":23}},"type":"cond-expr","locations":[{"start":{"line":42,"column":10},"end":{"line":42,"column":31}},{"start":{"line":43,"column":10},"end":{"line":43,"column":23}}],"line":41},"1":{"loc":{"start":{"line":98,"column":22},"end":{"line":98,"column":63}},"type":"cond-expr","locations":[{"start":{"line":98,"column":33},"end":{"line":98,"column":43}},{"start":{"line":98,"column":46},"end":{"line":98,"column":63}}],"line":98},"2":{"loc":{"start":{"line":100,"column":23},"end":{"line":100,"column":53}},"type":"cond-expr","locations":[{"start":{"line":100,"column":34},"end":{"line":100,"column":41}},{"start":{"line":100,"column":44},"end":{"line":100,"column":53}}],"line":100},"3":{"loc":{"start":{"line":144,"column":13},"end":{"line":175,"column":13}},"type":"binary-expr","locations":[{"start":{"line":144,"column":13},"end":{"line":144,"column":29}},{"start":{"line":145,"column":14},"end":{"line":174,"column":21}}],"line":144},"4":{"loc":{"start":{"line":162,"column":27},"end":{"line":162,"column":54}},"type":"cond-expr","locations":[{"start":{"line":162,"column":36},"end":{"line":162,"column":45}},{"start":{"line":162,"column":48},"end":{"line":162,"column":54}}],"line":162},"5":{"loc":{"start":{"line":165,"column":24},"end":{"line":165,"column":52}},"type":"cond-expr","locations":[{"start":{"line":165,"column":33},"end":{"line":165,"column":42}},{"start":{"line":165,"column":45},"end":{"line":165,"column":52}}],"line":165},"6":{"loc":{"start":{"line":168,"column":20},"end":{"line":170,"column":55}},"type":"cond-expr","locations":[{"start":{"line":169,"column":24},"end":{"line":169,"column":54}},{"start":{"line":170,"column":24},"end":{"line":170,"column":55}}],"line":168},"7":{"loc":{"start":{"line":176,"column":13},"end":{"line":195,"column":15}},"type":"binary-expr","locations":[{"start":{"line":176,"column":13},"end":{"line":176,"column":29}},{"start":{"line":177,"column":14},"end":{"line":195,"column":15}}],"line":176}},"s":{"0":0,"1":0,"2":0,"3":0,"4":0,"5":0,"6":0,"7":0,"8":0,"9":0,"10":0,"11":0,"12":0,"13":0,"14":0,"15":0,"16":0,"17":0,"18":0,"19":0,"20":0,"21":0,"22":0,"23":0,"24":0,"25":0,"26":0,"27":0,"28":0,"29":0,"30":0,"31":0,"32":0,"33":0},"f":{"0":0,"1":0,"2":0,"3":0,"4":0,"5":0,"6":0,"7":0},"b":{"0":[0,0],"1":[0,0],"2":[0,0],"3":[0,0],"4":[0,0],"5":[0,0],"6":[0,0],"7":[0,0]}}
,"/Users/milletmartin/Desktop/DEV/cookingTime/cookingTime/src/screens/Routes.tsx": {"path":"/Users/milletmartin/Desktop/DEV/cookingTime/cookingTime/src/screens/Routes.tsx","statementMap":{"0":{"start":{"line":22,"column":15},"end":{"line":126,"column":1}},"1":{"start":{"line":23,"column":59},"end":{"line":25,"column":3}},"2":{"start":{"line":26,"column":19},"end":{"line":26,"column":31}},"3":{"start":{"line":27,"column":2},"end":{"line":27,"column":38}},"4":{"start":{"line":29,"column":21},"end":{"line":49,"column":3}},"5":{"start":{"line":30,"column":29},"end":{"line":30,"column":44}},"6":{"start":{"line":31,"column":25},"end":{"line":31,"column":67}},"7":{"start":{"line":33,"column":4},"end":{"line":44,"column":5}},"8":{"start":{"line":34,"column":32},"end":{"line":34,"column":56}},"9":{"start":{"line":35,"column":6},"end":{"line":43,"column":9}},"10":{"start":{"line":36,"column":28},"end":{"line":38,"column":9}},"11":{"start":{"line":37,"column":28},"end":{"line":37,"column":49}},"12":{"start":{"line":39,"column":8},"end":{"line":41,"column":9}},"13":{"start":{"line":40,"column":10},"end":{"line":40,"column":29}},"14":{"start":{"line":42,"column":8},"end":{"line":42,"column":22}},"15":{"start":{"line":45,"column":4},"end":{"line":48,"column":7}},"16":{"start":{"line":51,"column":2},"end":{"line":53,"column":9}},"17":{"start":{"line":52,"column":4},"end":{"line":52,"column":17}},"18":{"start":{"line":55,"column":2},"end":{"line":68,"column":3}},"19":{"start":{"line":56,"column":4},"end":{"line":67,"column":6}},"20":{"start":{"line":70,"column":16},"end":{"line":70,"column":58}},"21":{"start":{"line":71,"column":14},"end":{"line":71,"column":60}},"22":{"start":{"line":72,"column":2},"end":{"line":125,"column":4}},"23":{"start":{"line":77,"column":12},"end":{"line":113,"column":28}},"24":{"start":{"line":79,"column":45},"end":{"line":96,"column":15}},"25":{"start":{"line":81,"column":33},"end":{"line":81,"column":35}},"26":{"start":{"line":82,"column":18},"end":{"line":88,"column":19}},"27":{"start":{"line":83,"column":20},"end":{"line":83,"column":38}},"28":{"start":{"line":84,"column":25},"end":{"line":88,"column":19}},"29":{"start":{"line":85,"column":20},"end":{"line":85,"column":72}},"30":{"start":{"line":86,"column":25},"end":{"line":88,"column":19}},"31":{"start":{"line":87,"column":20},"end":{"line":87,"column":38}},"32":{"start":{"line":89,"column":18},"end":{"line":91,"column":20}},"33":{"start":{"line":130,"column":15},"end":{"line":137,"column":2}}},"fnMap":{"0":{"name":"(anonymous_0)","decl":{"start":{"line":22,"column":15},"end":{"line":22,"column":16}},"loc":{"start":{"line":22,"column":21},"end":{"line":126,"column":1}},"line":22},"1":{"name":"(anonymous_1)","decl":{"start":{"line":29,"column":21},"end":{"line":29,"column":22}},"loc":{"start":{"line":29,"column":33},"end":{"line":49,"column":3}},"line":29},"2":{"name":"(anonymous_2)","decl":{"start":{"line":35,"column":37},"end":{"line":35,"column":38}},"loc":{"start":{"line":35,"column":49},"end":{"line":43,"column":7}},"line":35},"3":{"name":"(anonymous_3)","decl":{"start":{"line":37,"column":10},"end":{"line":37,"column":11}},"loc":{"start":{"line":37,"column":28},"end":{"line":37,"column":49}},"line":37},"4":{"name":"(anonymous_4)","decl":{"start":{"line":51,"column":12},"end":{"line":51,"column":13}},"loc":{"start":{"line":51,"column":18},"end":{"line":53,"column":3}},"line":51},"5":{"name":"(anonymous_5)","decl":{"start":{"line":76,"column":11},"end":{"line":76,"column":12}},"loc":{"start":{"line":77,"column":12},"end":{"line":113,"column":28}},"line":77},"6":{"name":"(anonymous_6)","decl":{"start":{"line":79,"column":29},"end":{"line":79,"column":30}},"loc":{"start":{"line":79,"column":45},"end":{"line":96,"column":15}},"line":79},"7":{"name":"(anonymous_7)","decl":{"start":{"line":80,"column":28},"end":{"line":80,"column":29}},"loc":{"start":{"line":80,"column":58},"end":{"line":92,"column":17}},"line":80}},"branchMap":{"0":{"loc":{"start":{"line":33,"column":4},"end":{"line":44,"column":5}},"type":"if","locations":[{"start":{"line":33,"column":4},"end":{"line":44,"column":5}},{"start":{"line":33,"column":4},"end":{"line":44,"column":5}}],"line":33},"1":{"loc":{"start":{"line":39,"column":8},"end":{"line":41,"column":9}},"type":"if","locations":[{"start":{"line":39,"column":8},"end":{"line":41,"column":9}},{"start":{"line":39,"column":8},"end":{"line":41,"column":9}}],"line":39},"2":{"loc":{"start":{"line":55,"column":2},"end":{"line":68,"column":3}},"type":"if","locations":[{"start":{"line":55,"column":2},"end":{"line":68,"column":3}},{"start":{"line":55,"column":2},"end":{"line":68,"column":3}}],"line":55},"3":{"loc":{"start":{"line":82,"column":18},"end":{"line":88,"column":19}},"type":"if","locations":[{"start":{"line":82,"column":18},"end":{"line":88,"column":19}},{"start":{"line":82,"column":18},"end":{"line":88,"column":19}}],"line":82},"4":{"loc":{"start":{"line":84,"column":25},"end":{"line":88,"column":19}},"type":"if","locations":[{"start":{"line":84,"column":25},"end":{"line":88,"column":19}},{"start":{"line":84,"column":25},"end":{"line":88,"column":19}}],"line":84},"5":{"loc":{"start":{"line":85,"column":31},"end":{"line":85,"column":71}},"type":"cond-expr","locations":[{"start":{"line":85,"column":41},"end":{"line":85,"column":51}},{"start":{"line":85,"column":54},"end":{"line":85,"column":71}}],"line":85},"6":{"loc":{"start":{"line":86,"column":25},"end":{"line":88,"column":19}},"type":"if","locations":[{"start":{"line":86,"column":25},"end":{"line":88,"column":19}},{"start":{"line":86,"column":25},"end":{"line":88,"column":19}}],"line":86}},"s":{"0":0,"1":0,"2":0,"3":0,"4":0,"5":0,"6":0,"7":0,"8":0,"9":0,"10":0,"11":0,"12":0,"13":0,"14":0,"15":0,"16":0,"17":0,"18":0,"19":0,"20":0,"21":0,"22":0,"23":0,"24":0,"25":0,"26":0,"27":0,"28":0,"29":0,"30":0,"31":0,"32":0,"33":0},"f":{"0":0,"1":0,"2":0,"3":0,"4":0,"5":0,"6":0,"7":0},"b":{"0":[0,0],"1":[0,0],"2":[0,0],"3":[0,0],"4":[0,0],"5":[0,0],"6":[0,0]}}
,"/Users/milletmartin/Desktop/DEV/cookingTime/cookingTime/src/screens/ShopListScreen.tsx": {"path":"/Users/milletmartin/Desktop/DEV/cookingTime/cookingTime/src/screens/ShopListScreen.tsx","statementMap":{"0":{"start":{"line":15,"column":23},"end":{"line":108,"column":1}},"1":{"start":{"line":16,"column":30},"end":{"line":16,"column":56}},"2":{"start":{"line":17,"column":42},"end":{"line":17,"column":64}},"3":{"start":{"line":19,"column":2},"end":{"line":25,"column":14}},"4":{"start":{"line":20,"column":23},"end":{"line":20,"column":62}},"5":{"start":{"line":20,"column":48},"end":{"line":20,"column":61}},"6":{"start":{"line":21,"column":4},"end":{"line":23,"column":7}},"7":{"start":{"line":22,"column":6},"end":{"line":22,"column":51}},"8":{"start":{"line":24,"column":4},"end":{"line":24,"column":34}},"9":{"start":{"line":27,"column":37},"end":{"line":42,"column":3}},"10":{"start":{"line":28,"column":37},"end":{"line":32,"column":5}},"11":{"start":{"line":30,"column":8},"end":{"line":30,"column":48}},"12":{"start":{"line":33,"column":24},"end":{"line":33,"column":36}},"13":{"start":{"line":34,"column":4},"end":{"line":34,"column":33}},"14":{"start":{"line":35,"column":4},"end":{"line":35,"column":57}},"15":{"start":{"line":37,"column":4},"end":{"line":40,"column":7}},"16":{"start":{"line":41,"column":4},"end":{"line":41,"column":48}},"17":{"start":{"line":44,"column":39},"end":{"line":52,"column":3}},"18":{"start":{"line":45,"column":25},"end":{"line":50,"column":6}},"19":{"start":{"line":46,"column":6},"end":{"line":48,"column":7}},"20":{"start":{"line":47,"column":8},"end":{"line":47,"column":67}},"21":{"start":{"line":49,"column":6},"end":{"line":49,"column":18}},"22":{"start":{"line":51,"column":4},"end":{"line":51,"column":34}},"23":{"start":{"line":54,"column":2},"end":{"line":60,"column":3}},"24":{"start":{"line":55,"column":4},"end":{"line":59,"column":6}},"25":{"start":{"line":62,"column":2},"end":{"line":107,"column":4}},"26":{"start":{"line":66,"column":10},"end":{"line":104,"column":12}},"27":{"start":{"line":70,"column":16},"end":{"line":75,"column":29}},"28":{"start":{"line":72,"column":33},"end":{"line":72,"column":67}},"29":{"start":{"line":80,"column":33},"end":{"line":80,"column":69}},"30":{"start":{"line":112,"column":15},"end":{"line":140,"column":2}}},"fnMap":{"0":{"name":"(anonymous_0)","decl":{"start":{"line":15,"column":23},"end":{"line":15,"column":24}},"loc":{"start":{"line":15,"column":29},"end":{"line":108,"column":1}},"line":15},"1":{"name":"(anonymous_1)","decl":{"start":{"line":19,"column":12},"end":{"line":19,"column":13}},"loc":{"start":{"line":19,"column":18},"end":{"line":25,"column":3}},"line":19},"2":{"name":"(anonymous_2)","decl":{"start":{"line":20,"column":36},"end":{"line":20,"column":37}},"loc":{"start":{"line":20,"column":48},"end":{"line":20,"column":61}},"line":20},"3":{"name":"(anonymous_3)","decl":{"start":{"line":21,"column":36},"end":{"line":21,"column":37}},"loc":{"start":{"line":21,"column":48},"end":{"line":23,"column":5}},"line":21},"4":{"name":"(anonymous_4)","decl":{"start":{"line":27,"column":37},"end":{"line":27,"column":38}},"loc":{"start":{"line":27,"column":69},"end":{"line":42,"column":3}},"line":27},"5":{"name":"(anonymous_5)","decl":{"start":{"line":29,"column":6},"end":{"line":29,"column":7}},"loc":{"start":{"line":29,"column":22},"end":{"line":31,"column":7}},"line":29},"6":{"name":"(anonymous_6)","decl":{"start":{"line":44,"column":39},"end":{"line":44,"column":40}},"loc":{"start":{"line":44,"column":59},"end":{"line":52,"column":3}},"line":44},"7":{"name":"(anonymous_7)","decl":{"start":{"line":45,"column":42},"end":{"line":45,"column":43}},"loc":{"start":{"line":45,"column":52},"end":{"line":50,"column":5}},"line":45},"8":{"name":"(anonymous_8)","decl":{"start":{"line":65,"column":25},"end":{"line":65,"column":26}},"loc":{"start":{"line":65,"column":37},"end":{"line":105,"column":9}},"line":65},"9":{"name":"(anonymous_9)","decl":{"start":{"line":69,"column":34},"end":{"line":69,"column":35}},"loc":{"start":{"line":70,"column":16},"end":{"line":75,"column":29}},"line":70},"10":{"name":"(anonymous_10)","decl":{"start":{"line":72,"column":27},"end":{"line":72,"column":28}},"loc":{"start":{"line":72,"column":33},"end":{"line":72,"column":67}},"line":72},"11":{"name":"(anonymous_11)","decl":{"start":{"line":80,"column":27},"end":{"line":80,"column":28}},"loc":{"start":{"line":80,"column":33},"end":{"line":80,"column":69}},"line":80}},"branchMap":{"0":{"loc":{"start":{"line":46,"column":6},"end":{"line":48,"column":7}},"type":"if","locations":[{"start":{"line":46,"column":6},"end":{"line":48,"column":7}},{"start":{"line":46,"column":6},"end":{"line":48,"column":7}}],"line":46},"1":{"loc":{"start":{"line":54,"column":2},"end":{"line":60,"column":3}},"type":"if","locations":[{"start":{"line":54,"column":2},"end":{"line":60,"column":3}},{"start":{"line":54,"column":2},"end":{"line":60,"column":3}}],"line":54},"2":{"loc":{"start":{"line":64,"column":7},"end":{"line":105,"column":10}},"type":"binary-expr","locations":[{"start":{"line":64,"column":7},"end":{"line":64,"column":26}},{"start":{"line":65,"column":8},"end":{"line":105,"column":10}}],"line":64}},"s":{"0":0,"1":0,"2":0,"3":0,"4":0,"5":0,"6":0,"7":0,"8":0,"9":0,"10":0,"11":0,"12":0,"13":0,"14":0,"15":0,"16":0,"17":0,"18":0,"19":0,"20":0,"21":0,"22":0,"23":0,"24":0,"25":0,"26":0,"27":0,"28":0,"29":0,"30":0},"f":{"0":0,"1":0,"2":0,"3":0,"4":0,"5":0,"6":0,"7":0,"8":0,"9":0,"10":0,"11":0},"b":{"0":[0,0],"1":[0,0],"2":[0,0]}}
}
